<?xml version="1.0" encoding="UTF-8"?>
<testng-results ignored="0" total="1" passed="1" failed="0" skipped="0">
  <reporter-output>
  </reporter-output>
  <suite started-at="2022-02-24T14:22:48 SGT" name="Default suite" finished-at="2022-02-24T14:22:50 SGT" duration-ms="1961">
    <groups>
    </groups>
    <test started-at="2022-02-24T14:22:48 SGT" name="Default test" finished-at="2022-02-24T14:22:50 SGT" duration-ms="1961">
      <class name="NotePad2.NewTest">
        <test-method is-config="true" signature="beforeTest()[pri:0, instance:NotePad2.NewTest@24aed80c]" started-at="2022-02-24T14:22:48 SGT" name="beforeTest" finished-at="2022-02-24T14:22:48 SGT" duration-ms="4" status="PASS">
          <reporter-output>
          </reporter-output>
        </test-method> <!-- beforeTest -->
        <test-method signature="f()[pri:0, instance:NotePad2.NewTest@24aed80c]" started-at="2022-02-24T14:22:48 SGT" name="f" finished-at="2022-02-24T14:22:50 SGT" duration-ms="1936" status="PASS">
          <reporter-output>
          </reporter-output>
        </test-method> <!-- f -->
        <test-method is-config="true" signature="afterTest()[pri:0, instance:NotePad2.NewTest@24aed80c]" started-at="2022-02-24T14:22:50 SGT" name="afterTest" finished-at="2022-02-24T14:22:50 SGT" duration-ms="0" status="PASS">
          <reporter-output>
          </reporter-output>
        </test-method> <!-- afterTest -->
      </class> <!-- NotePad2.NewTest -->
    </test> <!-- Default test -->
  </suite> <!-- Default suite -->
</testng-results>
